\BOOKMARK [1][-]{section.1}{\376\377\000H\000i\000g\000h\000\040\000C\000o\000n\000c\000e\000p\000t}{}% 1
\BOOKMARK [1][-]{section.2}{\376\377\000S\000e\000t\000t\000i\000n\000g\000s\000/\000F\000u\000n\000d\000a\000m\000e\000n\000t\000a\000l\000\040\000c\000o\000n\000c\000e\000p\000t\000s}{}% 2
\BOOKMARK [1][-]{section.3}{\376\377\000S\000y\000n\000o\000p\000s\000i\000s}{}% 3
\BOOKMARK [2][-]{subsection.3.1}{\376\377\000A\000c\000t\000\040\000I}{section.3}% 4
\BOOKMARK [2][-]{subsection.3.2}{\376\377\000A\000c\000t\000\040\000I\000I}{section.3}% 5
\BOOKMARK [2][-]{subsection.3.3}{\376\377\000A\000c\000t\000\040\000I\000I\000I}{section.3}% 6
\BOOKMARK [1][-]{section.4}{\376\377\000T\000h\000e\000m\000e\000s}{}% 7
\BOOKMARK [1][-]{section.5}{\376\377\000C\000h\000a\000r\000a\000c\000t\000e\000r\000s}{}% 8
\BOOKMARK [2][-]{subsection.5.1}{\376\377\000B\000.\000A\000.\000D\000.\000\040\000E\000l\000e\000v\000e\000n}{section.5}% 9
\BOOKMARK [3][-]{subsubsection.5.1.1}{\376\377\000C\000i\000r\000c\000u\000m\000p\000l\000e\000x}{subsection.5.1}% 10
\BOOKMARK [2][-]{subsection.5.2}{\376\377\000B\000l\000a\000n\000k}{section.5}% 11
\BOOKMARK [3][-]{subsubsection.5.2.1}{\376\377\000B\000a\000c\000k\000s\000t\000o\000r\000y}{subsection.5.2}% 12
\BOOKMARK [3][-]{subsubsection.5.2.2}{\376\377\000C\000i\000r\000c\000u\000m\000p\000l\000e\000x}{subsection.5.2}% 13
\BOOKMARK [2][-]{subsection.5.3}{\376\377\000M\000i\000n\000o\000r\000\040\000c\000h\000a\000r\000a\000c\000t\000e\000r\000s}{section.5}% 14
\BOOKMARK [3][-]{subsubsection.5.3.1}{\376\377\000\043\0000\0000\0005}{subsection.5.3}% 15
\BOOKMARK [3][-]{subsubsection.5.3.2}{\376\377\000\043\0000\0000\0009}{subsection.5.3}% 16
\BOOKMARK [3][-]{subsubsection.5.3.3}{\376\377\000\043\0000\0001\0000}{subsection.5.3}% 17
\BOOKMARK [1][-]{section.6}{\376\377\000W\000o\000r\000l\000d\000\040\000D\000i\000a\000g\000r\000a\000m}{}% 18
\BOOKMARK [1][-]{section.7}{\376\377\000G\000o\000a\000l\000s\000\040\000O\000u\000t\000l\000i\000n\000e}{}% 19
\BOOKMARK [2][-]{subsection.7.1}{\376\377\000H\000a\000w\000k\000i\000n\000s\000:\000\040\000C\000i\000t\000y}{section.7}% 20
\BOOKMARK [2][-]{subsection.7.2}{\376\377\000H\000a\000w\000k\000i\000n\000s\000:\000\040\000S\000u\000r\000r\000o\000u\000n\000d\000i\000n\000g\000s}{section.7}% 21
\BOOKMARK [2][-]{subsection.7.3}{\376\377\000L\000i\000n\000d\000a\000l\000e}{section.7}% 22
\BOOKMARK [2][-]{subsection.7.4}{\376\377\000D\000a\000l\000l\000a\000s}{section.7}% 23
\BOOKMARK [2][-]{subsection.7.5}{\376\377\000C\000o\000r\000e}{section.7}% 24
\BOOKMARK [2][-]{subsection.7.6}{\376\377\000D\000a\000l\000l\000a\000s\000\040\000-\000f\000i\000n\000a\000l\000-}{section.7}% 25
\BOOKMARK [2][-]{subsection.7.7}{\376\377\000C\000o\000r\000e\000\040\000-\000f\000i\000n\000a\000l\000-}{section.7}% 26
